<?xml version="1.0" encoding="UTF-8"?>
<!-- Generated by org.testng.reporters.JUnitXMLReporter -->
<testsuite ignored="0" hostname="LAPTOP-QMTC14CJ" failures="0" tests="4" name="EdgeTest" time="38.946" errors="0" timestamp="2023-05-10T21:02:49 IST">
  <testcase classname="com.qalegend.qa.testcases.LoginPageTestCases" name="loginWithValidDetails" time="2.487"/>
  <testcase classname="com.qalegend.qa.testcases.LoginPageTestCases" name="loginWithInvalidDetails" time="0.908"/>
  <testcase classname="com.qalegend.qa.testcases.LoginPageTestCases" name="forgotPasswordWithValidEmail" time="1.869"/>
  <testcase classname="com.qalegend.qa.testcases.LoginPageTestCases" name="forgotPasswordWithInvalidEmail" time="1.398"/>
</testsuite> <!-- EdgeTest -->
