<?xml version="1.0" encoding="UTF-8"?>
<!-- Generated by org.testng.reporters.JUnitXMLReporter -->
<testsuite ignored="0" hostname="LAPTOP-QMTC14CJ" failures="0" tests="3" name="Test" time="64.871" errors="0" timestamp="2023-05-11T19:13:08 IST">
  <testcase classname="com.qalegend.qa.testcases.UserManagementTestCases" name="addUser" time="8.21"/>
  <testcase classname="com.qalegend.qa.testcases.UserManagementTestCases" name="addUser" time="8.655"/>
  <testcase classname="com.qalegend.qa.testcases.UserManagementTestCases" name="addUser" time="8.579"/>
</testsuite> <!-- Test -->
