<?xml version="1.0" encoding="UTF-8"?>
<!-- Generated by org.testng.reporters.JUnitXMLReporter -->
<testsuite ignored="1" hostname="LAPTOP-QMTC14CJ" failures="1" tests="1" name="Test" time="13.652" errors="0" timestamp="2023-05-11T21:17:49 IST">
  <testcase classname="com.qalegend.qa.testcases.UserManagementTestCases" name="userManagementMenuExpansionCheck" time="0.936">
    <failure type="java.lang.AssertionError" message="Menu items are not equal expected [Sales Commission Agents] but found [Users]">
      <![CDATA[java.lang.AssertionError: Menu items are not equal expected [Sales Commission Agents] but found [Users]
at com.qalegend.qa.testcases.UserManagementTestCases.userManagementMenuExpansionCheck(UserManagementTestCases.java:44)
at java.base/java.util.ArrayList.forEach(ArrayList.java:1511)
... Removed 32 stack frames]]>
    </failure>
  </testcase> <!-- userManagementMenuExpansionCheck -->
  <testcase classname="com.qalegend.qa.testcases.UserManagementTestCases" name="addUser" time="0.0">
    <ignored/>
  </testcase> <!-- addUser -->
</testsuite> <!-- Test -->
