<?xml version="1.0" encoding="UTF-8"?>
<!-- Generated by org.testng.reporters.JUnitXMLReporter -->
<testsuite ignored="2" hostname="LAPTOP-QMTC14CJ" failures="0" tests="1" name="Test" time="11.896" errors="0" timestamp="2023-05-13T18:36:18 IST">
  <testcase classname="com.qalegend.qa.testcases.UserManagementTestCases" name="searchFunctionalityCheck" time="4.789"/>
  <testcase classname="com.qalegend.qa.testcases.UserManagementTestCases" name="userManagementMenuExpansionCheck" time="0.0">
    <ignored/>
  </testcase> <!-- userManagementMenuExpansionCheck -->
  <testcase classname="com.qalegend.qa.testcases.UserManagementTestCases" name="addUser" time="0.0">
    <ignored/>
  </testcase> <!-- addUser -->
</testsuite> <!-- Test -->
