<?xml version="1.0" encoding="UTF-8"?>
<testng-results ignored="2" total="3" passed="1" failed="0" skipped="0">
  <reporter-output>
  </reporter-output>
  <suite started-at="2023-05-13T18:36:06 IST" name="QA Legend" finished-at="2023-05-13T18:36:18 IST" duration-ms="11896">
    <groups>
      <group name="Regression">
        <method signature="UserManagementTestCases.searchFunctionalityCheck()[pri:3, instance:com.qalegend.qa.testcases.UserManagementTestCases@6e0f5f7f]" name="searchFunctionalityCheck" class="com.qalegend.qa.testcases.UserManagementTestCases"/>
      </group> <!-- Regression -->
    </groups>
    <test started-at="2023-05-13T18:36:06 IST" name="Test" finished-at="2023-05-13T18:36:18 IST" duration-ms="11896">
      <class name="com.qalegend.qa.testcases.UserManagementTestCases">
        <test-method is-config="true" signature="setUp(java.lang.String)[pri:0, instance:com.qalegend.qa.testcases.UserManagementTestCases@6e0f5f7f]" started-at="2023-05-13T18:36:06 IST" name="setUp" finished-at="2023-05-13T18:36:13 IST" duration-ms="6379" status="PASS">
          <params>
            <param index="0">
              <value>
                <![CDATA[chrome]]>
              </value>
            </param>
          </params>
          <reporter-output>
          </reporter-output>
        </test-method> <!-- setUp -->
        <test-method signature="searchFunctionalityCheck()[pri:3, instance:com.qalegend.qa.testcases.UserManagementTestCases@6e0f5f7f]" started-at="2023-05-13T18:36:13 IST" name="searchFunctionalityCheck" finished-at="2023-05-13T18:36:17 IST" duration-ms="4789" status="PASS">
          <reporter-output>
          </reporter-output>
        </test-method> <!-- searchFunctionalityCheck -->
        <test-method is-config="true" signature="quit()[pri:0, instance:com.qalegend.qa.testcases.UserManagementTestCases@6e0f5f7f]" started-at="2023-05-13T18:36:17 IST" name="quit" finished-at="2023-05-13T18:36:18 IST" duration-ms="695" status="PASS">
          <reporter-output>
          </reporter-output>
        </test-method> <!-- quit -->
      </class> <!-- com.qalegend.qa.testcases.UserManagementTestCases -->
    </test> <!-- Test -->
  </suite> <!-- QA Legend -->
</testng-results>
